<?xml version="1.0" encoding="UTF-8"?>
<!-- Generated by org.testng.reporters.JUnitReportReporter -->
<testsuite hostname="PC" failures="0" tests="1" name="pl.seleniumdemo.tests.HotelSearchTest" time="5.470" errors="0" timestamp="2023-03-21T20:04:02 CET" skipped="0">
  <testcase classname="pl.seleniumdemo.tests.HotelSearchTest" name="searchHotelTest" time="5.470"/>
  <system-out/>
</testsuite> <!-- pl.seleniumdemo.tests.HotelSearchTest -->
