<?xml version="1.0" encoding="UTF-8"?>
<!-- Generated by org.testng.reporters.JUnitReportReporter -->
<testsuite hostname="PC" failures="0" tests="1" name="pl.seleniumdemo.tests.SignUpTest" time="5.323" errors="0" timestamp="2023-03-21T20:04:02 CET" skipped="0">
  <testcase classname="pl.seleniumdemo.tests.SignUpTest" name="signUpTest" time="5.323"/>
  <system-out/>
</testsuite> <!-- pl.seleniumdemo.tests.SignUpTest -->
